/usr/bin/make -j4 all 
/usr/bin/cmake -H"/home/axel/workspace_c/Point Cloud/src" -B"/home/axel/workspace_c/Point Cloud/build" --check-build-system CMakeFiles/Makefile.cmake 0
/usr/bin/cmake -E cmake_progress_start "/home/axel/workspace_c/Point Cloud/build/CMakeFiles" "/home/axel/workspace_c/Point Cloud/build/CMakeFiles/progress.marks"
/usr/bin/make -f CMakeFiles/Makefile2 all
make[1]: se ingresa al directorio «/home/axel/workspace_c/Point Cloud/build»
/usr/bin/make -f CMakeFiles/OpenCVReprojectImageToPointCloud.dir/build.make CMakeFiles/OpenCVReprojectImageToPointCloud.dir/depend
make[2]: se ingresa al directorio «/home/axel/workspace_c/Point Cloud/build»
cd "/home/axel/workspace_c/Point Cloud/build" && /usr/bin/cmake -E cmake_depends "Unix Makefiles" "/home/axel/workspace_c/Point Cloud/src" "/home/axel/workspace_c/Point Cloud/src" "/home/axel/workspace_c/Point Cloud/build" "/home/axel/workspace_c/Point Cloud/build" "/home/axel/workspace_c/Point Cloud/build/CMakeFiles/OpenCVReprojectImageToPointCloud.dir/DependInfo.cmake" --color=
Scanning dependencies of target OpenCVReprojectImageToPointCloud
make[2]: se sale del directorio «/home/axel/workspace_c/Point Cloud/build»
/usr/bin/make -f CMakeFiles/OpenCVReprojectImageToPointCloud.dir/build.make CMakeFiles/OpenCVReprojectImageToPointCloud.dir/build
make[2]: se ingresa al directorio «/home/axel/workspace_c/Point Cloud/build»
/usr/bin/cmake -E cmake_progress_report "/home/axel/workspace_c/Point Cloud/build/CMakeFiles" 1
[100%] Building CXX object CMakeFiles/OpenCVReprojectImageToPointCloud.dir/main.cpp.o
/usr/bin/c++   -DDISABLE_PCAP -DDISABLE_PNG -DEIGEN_USE_NEW_STDVECTOR -DEIGEN_YES_I_KNOW_SPARSE_MODULE_IS_NOT_STABLE_YET -DFLANN_STATIC -Dqh_QHpointer -Wno-deprecated -I/usr/include/vtk-5.8 -I/usr/include/pcl-1.7 -I/usr/include/eigen3 -I/usr/include/ni -I/usr/include/openni2 -I/usr/local/include/opencv -I/usr/local/include    -o CMakeFiles/OpenCVReprojectImageToPointCloud.dir/main.cpp.o -c "/home/axel/workspace_c/Point Cloud/src/main.cpp"
Linking CXX executable OpenCVReprojectImageToPointCloud
/usr/bin/cmake -E cmake_link_script CMakeFiles/OpenCVReprojectImageToPointCloud.dir/link.txt --verbose=1
/usr/bin/c++     -Wno-deprecated     CMakeFiles/OpenCVReprojectImageToPointCloud.dir/main.cpp.o  -o OpenCVReprojectImageToPointCloud -rdynamic /usr/local/lib/libopencv_videostab.so.2.4.9 /usr/local/lib/libopencv_video.so.2.4.9 /usr/local/lib/libopencv_ts.a /usr/local/lib/libopencv_superres.so.2.4.9 /usr/local/lib/libopencv_stitching.so.2.4.9 /usr/local/lib/libopencv_photo.so.2.4.9 /usr/local/lib/libopencv_ocl.so.2.4.9 /usr/local/lib/libopencv_objdetect.so.2.4.9 /usr/local/lib/libopencv_nonfree.so.2.4.9 /usr/local/lib/libopencv_ml.so.2.4.9 /usr/local/lib/libopencv_legacy.so.2.4.9 /usr/local/lib/libopencv_imgproc.so.2.4.9 /usr/local/lib/libopencv_highgui.so.2.4.9 /usr/local/lib/libopencv_gpu.so.2.4.9 /usr/local/lib/libopencv_flann.so.2.4.9 /usr/local/lib/libopencv_features2d.so.2.4.9 /usr/local/lib/libopencv_core.so.2.4.9 /usr/local/lib/libopencv_contrib.so.2.4.9 /usr/local/lib/libopencv_calib3d.so.2.4.9 -lboost_system -lboost_filesystem -lboost_thread -lboost_date_time -lboost_iostreams -lboost_serialization -lboost_chrono -lpthread -lpcl_common -Wl,-Bstatic -lflann_cpp_s -Wl,-Bdynamic -lpcl_kdtree -lpcl_octree -lpcl_search -lpcl_sample_consensus -lpcl_filters -lpcl_tracking -lqhull -lpcl_surface -lOpenNI -lOpenNI2 /usr/lib/libvtkCommon.so.5.8.0 /usr/lib/libvtkFiltering.so.5.8.0 /usr/lib/libvtkImaging.so.5.8.0 /usr/lib/libvtkGraphics.so.5.8.0 /usr/lib/libvtkGenericFiltering.so.5.8.0 /usr/lib/libvtkIO.so.5.8.0 /usr/lib/libvtkRendering.so.5.8.0 /usr/lib/libvtkVolumeRendering.so.5.8.0 /usr/lib/libvtkHybrid.so.5.8.0 /usr/lib/libvtkWidgets.so.5.8.0 /usr/lib/libvtkParallel.so.5.8.0 /usr/lib/libvtkInfovis.so.5.8.0 /usr/lib/libvtkGeovis.so.5.8.0 /usr/lib/libvtkViews.so.5.8.0 /usr/lib/libvtkCharts.so.5.8.0 -lpcl_io -lpcl_visualization -lpcl_features -lpcl_segmentation -lpcl_registration -lpcl_recognition -lpcl_keypoints -lpcl_outofcore -lpcl_people -lpcl_apps -lboost_system -lboost_filesystem -lboost_thread -lboost_date_time -lboost_iostreams -lboost_serialization -lboost_chrono -lpthread -lqhull -lOpenNI -lOpenNI2 -Wl,-Bstatic -lflann_cpp_s -Wl,-Bdynamic /usr/lib/libvtkCommon.so.5.8.0 /usr/lib/libvtkFiltering.so.5.8.0 /usr/lib/libvtkImaging.so.5.8.0 /usr/lib/libvtkGraphics.so.5.8.0 /usr/lib/libvtkGenericFiltering.so.5.8.0 /usr/lib/libvtkIO.so.5.8.0 /usr/lib/libvtkRendering.so.5.8.0 /usr/lib/libvtkVolumeRendering.so.5.8.0 /usr/lib/libvtkHybrid.so.5.8.0 /usr/lib/libvtkWidgets.so.5.8.0 /usr/lib/libvtkParallel.so.5.8.0 /usr/lib/libvtkInfovis.so.5.8.0 /usr/lib/libvtkGeovis.so.5.8.0 /usr/lib/libvtkViews.so.5.8.0 /usr/lib/libvtkCharts.so.5.8.0 /usr/local/lib/libopencv_nonfree.so.2.4.9 /usr/local/lib/libopencv_ocl.so.2.4.9 /usr/local/lib/libopencv_gpu.so.2.4.9 /usr/local/lib/libopencv_photo.so.2.4.9 /usr/local/lib/libopencv_objdetect.so.2.4.9 /usr/local/lib/libopencv_legacy.so.2.4.9 /usr/local/lib/libopencv_video.so.2.4.9 /usr/local/lib/libopencv_ml.so.2.4.9 /usr/local/lib/libopencv_calib3d.so.2.4.9 /usr/local/lib/libopencv_features2d.so.2.4.9 /usr/local/lib/libopencv_highgui.so.2.4.9 /usr/local/lib/libopencv_imgproc.so.2.4.9 /usr/local/lib/libopencv_flann.so.2.4.9 /usr/local/lib/libopencv_core.so.2.4.9 -lpcl_common -lpcl_kdtree -lpcl_octree -lpcl_search -lpcl_sample_consensus -lpcl_filters -lpcl_tracking -lpcl_surface -lpcl_io -lpcl_visualization -lpcl_features -lpcl_segmentation -lpcl_registration -lpcl_recognition -lpcl_keypoints -lpcl_outofcore -lpcl_people -lpcl_apps -lm -lpthread -lrt -lGLU -lGL -lSM -lICE -lX11 -lXext -ltbb /usr/lib/libvtkViews.so.5.8.0 /usr/lib/libvtkInfovis.so.5.8.0 /usr/lib/libvtkWidgets.so.5.8.0 /usr/lib/libvtkVolumeRendering.so.5.8.0 /usr/lib/libvtkHybrid.so.5.8.0 /usr/lib/libvtkParallel.so.5.8.0 /usr/lib/libvtkRendering.so.5.8.0 /usr/lib/libvtkImaging.so.5.8.0 /usr/lib/libvtkGraphics.so.5.8.0 /usr/lib/libvtkIO.so.5.8.0 /usr/lib/libvtkFiltering.so.5.8.0 /usr/lib/libvtkCommon.so.5.8.0 -lm /usr/lib/libvtksys.so.5.8.0 -ldl -Wl,-rpath,/usr/local/lib 
make[2]: se sale del directorio «/home/axel/workspace_c/Point Cloud/build»
/usr/bin/cmake -E cmake_progress_report "/home/axel/workspace_c/Point Cloud/build/CMakeFiles"  1
[100%] Built target OpenCVReprojectImageToPointCloud
make[1]: se sale del directorio «/home/axel/workspace_c/Point Cloud/build»
/usr/bin/cmake -E cmake_progress_start "/home/axel/workspace_c/Point Cloud/build/CMakeFiles" 0
